# JRE version: OpenJDK Runtime Environment Temurin-21.0.5+11 (21.0.5+11) (build 21.0.5+11-LTS)
# Java VM: OpenJDK 64-Bit Server VM Temurin-21.0.5+11 (21.0.5+11-LTS, mixed mode, sharing, tiered, compressed oops, compressed class ptrs, parallel gc, windows-amd64)
GC Precious Log:
 CardTable entry size: 512
 CPUs: 12 total, 12 available
 Memory: 7528M
 Large Page Support: Disabled
 NUMA Support: Disabled
 Compressed Oops: Enabled (32-bit)
 Alignments: Space 512K, Generation 512K, Heap 2M
 Heap Min Capacity: 100M
 Heap Initial Capacity: 100M
 Heap Max Capacity: 1G
 Pre-touch: Disabled
 Parallel Workers: 10
Heap:
 PSYoungGen      total 4608K, used 1080K [0x00000000eab00000, 0x00000000eb080000, 0x0000000100000000)
  eden space 3584K, 2% used [0x00000000eab00000,0x00000000eab125f0,0x00000000eae80000)
  from space 1024K, 98% used [0x00000000eae80000,0x00000000eaf7bbc8,0x00000000eaf80000)
  to   space 1024K, 0% used [0x00000000eaf80000,0x00000000eaf80000,0x00000000eb080000)
 ParOldGen       total 102400K, used 102288K [0x00000000c0000000, 0x00000000c6400000, 0x00000000eab00000)
  object space 102400K, 99% used [0x00000000c0000000,0x00000000c63e43e8,0x00000000c6400000)
 Metaspace       used 48220K, committed 49472K, reserved 1114112K
  class space    used 5094K, committed 5632K, reserved 1048576K
GC Heap History (20 events):
Event: 11.362 GC heap before
{Heap before GC invocations=55 (full 2):
 PSYoungGen      total 5632K, used 5224K [0x00000000eab00000, 0x00000000eb280000, 0x0000000100000000)
  eden space 4096K, 100% used [0x00000000eab00000,0x00000000eaf00000,0x00000000eaf00000)
  from space 1536K, 73% used [0x00000000eb100000,0x00000000eb21a208,0x00000000eb280000)
  to   space 1536K, 0% used [0x00000000eaf00000,0x00000000eaf00000,0x00000000eb080000)
 ParOldGen       total 92672K, used 92363K [0x00000000c0000000, 0x00000000c5a80000, 0x00000000eab00000)
  object space 92672K, 99% used [0x00000000c0000000,0x00000000c5a32e30,0x00000000c5a80000)
 Metaspace       used 48213K, committed 49472K, reserved 1114112K
  class space    used 5094K, committed 5632K, reserved 1048576K
}
Event: 11.366 GC heap after
{Heap after GC invocations=55 (full 2):
 PSYoungGen      total 5632K, used 1102K [0x00000000eab00000, 0x00000000eb200000, 0x0000000100000000)
  eden space 4096K, 0% used [0x00000000eab00000,0x00000000eab00000,0x00000000eaf00000)
  from space 1536K, 71% used [0x00000000eaf00000,0x00000000eb013bd0,0x00000000eb080000)
  to   space 1536K, 0% used [0x00000000eb080000,0x00000000eb080000,0x00000000eb200000)
 ParOldGen       total 93696K, used 93327K [0x00000000c0000000, 0x00000000c5b80000, 0x00000000eab00000)
  object space 93696K, 99% used [0x00000000c0000000,0x00000000c5b23c10,0x00000000c5b80000)
 Metaspace       used 48213K, committed 49472K, reserved 1114112K
  class space    used 5094K, committed 5632K, reserved 1048576K
}
Event: 11.408 GC heap before
{Heap before GC invocations=56 (full 2):
 PSYoungGen      total 5632K, used 5198K [0x00000000eab00000, 0x00000000eb200000, 0x0000000100000000)
  eden space 4096K, 100% used [0x00000000eab00000,0x00000000eaf00000,0x00000000eaf00000)
  from space 1536K, 71% used [0x00000000eaf00000,0x00000000eb013bd0,0x00000000eb080000)
  to   space 1536K, 0% used [0x00000000eb080000,0x00000000eb080000,0x00000000eb200000)
 ParOldGen       total 93696K, used 93327K [0x00000000c0000000, 0x00000000c5b80000, 0x00000000eab00000)
  object space 93696K, 99% used [0x00000000c0000000,0x00000000c5b23c10,0x00000000c5b80000)
 Metaspace       used 48213K, committed 49472K, reserved 1114112K
  class space    used 5094K, committed 5632K, reserved 1048576K
}
Event: 11.411 GC heap after
{Heap after GC invocations=56 (full 2):
 PSYoungGen      total 5632K, used 1056K [0x00000000eab00000, 0x00000000eb200000, 0x0000000100000000)
  eden space 4096K, 0% used [0x00000000eab00000,0x00000000eab00000,0x00000000eaf00000)
  from space 1536K, 68% used [0x00000000eb080000,0x00000000eb1882c0,0x00000000eb200000)
  to   space 1536K, 0% used [0x00000000eaf00000,0x00000000eaf00000,0x00000000eb080000)
 ParOldGen       total 94720K, used 94272K [0x00000000c0000000, 0x00000000c5c80000, 0x00000000eab00000)
  object space 94720K, 99% used [0x00000000c0000000,0x00000000c5c10348,0x00000000c5c80000)
 Metaspace       used 48213K, committed 49472K, reserved 1114112K
  class space    used 5094K, committed 5632K, reserved 1048576K
}
Event: 11.468 GC heap before
{Heap before GC invocations=57 (full 2):
 PSYoungGen      total 5632K, used 5152K [0x00000000eab00000, 0x00000000eb200000, 0x0000000100000000)
  eden space 4096K, 100% used [0x00000000eab00000,0x00000000eaf00000,0x00000000eaf00000)
  from space 1536K, 68% used [0x00000000eb080000,0x00000000eb1882c0,0x00000000eb200000)
  to   space 1536K, 0% used [0x00000000eaf00000,0x00000000eaf00000,0x00000000eb080000)
 ParOldGen       total 94720K, used 94272K [0x00000000c0000000, 0x00000000c5c80000, 0x00000000eab00000)
  object space 94720K, 99% used [0x00000000c0000000,0x00000000c5c10348,0x00000000c5c80000)
 Metaspace       used 48213K, committed 49472K, reserved 1114112K
  class space    used 5094K, committed 5632K, reserved 1048576K
}
Event: 11.472 GC heap after
{Heap after GC invocations=57 (full 2):
 PSYoungGen      total 5632K, used 1109K [0x00000000eab00000, 0x00000000eb200000, 0x0000000100000000)
  eden space 4096K, 0% used [0x00000000eab00000,0x00000000eab00000,0x00000000eaf00000)
  from space 1536K, 72% used [0x00000000eaf00000,0x00000000eb015738,0x00000000eb080000)
  to   space 1536K, 0% used [0x00000000eb080000,0x00000000eb080000,0x00000000eb200000)
 ParOldGen       total 95232K, used 95163K [0x00000000c0000000, 0x00000000c5d00000, 0x00000000eab00000)
  object space 95232K, 99% used [0x00000000c0000000,0x00000000c5ceee98,0x00000000c5d00000)
 Metaspace       used 48213K, committed 49472K, reserved 1114112K
  class space    used 5094K, committed 5632K, reserved 1048576K
}
Event: 11.507 GC heap before
{Heap before GC invocations=58 (full 2):
 PSYoungGen      total 5632K, used 5205K [0x00000000eab00000, 0x00000000eb200000, 0x0000000100000000)
  eden space 4096K, 100% used [0x00000000eab00000,0x00000000eaf00000,0x00000000eaf00000)
  from space 1536K, 72% used [0x00000000eaf00000,0x00000000eb015738,0x00000000eb080000)
  to   space 1536K, 0% used [0x00000000eb080000,0x00000000eb080000,0x00000000eb200000)
 ParOldGen       total 95232K, used 95163K [0x00000000c0000000, 0x00000000c5d00000, 0x00000000eab00000)
  object space 95232K, 99% used [0x00000000c0000000,0x00000000c5ceee98,0x00000000c5d00000)
 Metaspace       used 48218K, committed 49472K, reserved 1114112K
  class space    used 5094K, committed 5632K, reserved 1048576K
}
Event: 11.511 GC heap after
{Heap after GC invocations=58 (full 2):
 PSYoungGen      total 5120K, used 800K [0x00000000eab00000, 0x00000000eb180000, 0x0000000100000000)
  eden space 4096K, 0% used [0x00000000eab00000,0x00000000eab00000,0x00000000eaf00000)
  from space 1024K, 78% used [0x00000000eb080000,0x00000000eb148000,0x00000000eb180000)
  to   space 1024K, 0% used [0x00000000eaf80000,0x00000000eaf80000,0x00000000eb080000)
 ParOldGen       total 96256K, used 96127K [0x00000000c0000000, 0x00000000c5e00000, 0x00000000eab00000)
  object space 96256K, 99% used [0x00000000c0000000,0x00000000c5ddfc28,0x00000000c5e00000)
 Metaspace       used 48218K, committed 49472K, reserved 1114112K
  class space    used 5094K, committed 5632K, reserved 1048576K
}
Event: 11.541 GC heap before
{Heap before GC invocations=59 (full 2):
 PSYoungGen      total 5120K, used 4896K [0x00000000eab00000, 0x00000000eb180000, 0x0000000100000000)
  eden space 4096K, 100% used [0x00000000eab00000,0x00000000eaf00000,0x00000000eaf00000)
  from space 1024K, 78% used [0x00000000eb080000,0x00000000eb148000,0x00000000eb180000)
  to   space 1024K, 0% used [0x00000000eaf80000,0x00000000eaf80000,0x00000000eb080000)
 ParOldGen       total 96256K, used 96127K [0x00000000c0000000, 0x00000000c5e00000, 0x00000000eab00000)
  object space 96256K, 99% used [0x00000000c0000000,0x00000000c5ddfc28,0x00000000c5e00000)
 Metaspace       used 48218K, committed 49472K, reserved 1114112K
  class space    used 5094K, committed 5632K, reserved 1048576K
}
Event: 11.544 GC heap after
{Heap after GC invocations=59 (full 2):
 PSYoungGen      total 5120K, used 1006K [0x00000000eab00000, 0x00000000eb300000, 0x0000000100000000)
  eden space 4096K, 0% used [0x00000000eab00000,0x00000000eab00000,0x00000000eaf00000)
  from space 1024K, 98% used [0x00000000eaf80000,0x00000000eb07b920,0x00000000eb080000)
  to   space 2048K, 0% used [0x00000000eb100000,0x00000000eb100000,0x00000000eb300000)
 ParOldGen       total 97280K, used 96816K [0x00000000c0000000, 0x00000000c5f00000, 0x00000000eab00000)
  object space 97280K, 99% used [0x00000000c0000000,0x00000000c5e8c2a0,0x00000000c5f00000)
 Metaspace       used 48218K, committed 49472K, reserved 1114112K
  class space    used 5094K, committed 5632K, reserved 1048576K
}
Event: 11.577 GC heap before
{Heap before GC invocations=60 (full 2):
 PSYoungGen      total 5120K, used 5102K [0x00000000eab00000, 0x00000000eb300000, 0x0000000100000000)
  eden space 4096K, 100% used [0x00000000eab00000,0x00000000eaf00000,0x00000000eaf00000)
  from space 1024K, 98% used [0x00000000eaf80000,0x00000000eb07b920,0x00000000eb080000)
  to   space 2048K, 0% used [0x00000000eb100000,0x00000000eb100000,0x00000000eb300000)
 ParOldGen       total 97280K, used 96816K [0x00000000c0000000, 0x00000000c5f00000, 0x00000000eab00000)
  object space 97280K, 99% used [0x00000000c0000000,0x00000000c5e8c2a0,0x00000000c5f00000)
 Metaspace       used 48219K, committed 49472K, reserved 1114112K
  class space    used 5094K, committed 5632K, reserved 1048576K
}
Event: 11.586 GC heap after
{Heap after GC invocations=60 (full 2):
 PSYoungGen      total 5632K, used 1104K [0x00000000eab00000, 0x00000000eb280000, 0x0000000100000000)
  eden space 4096K, 0% used [0x00000000eab00000,0x00000000eab00000,0x00000000eaf00000)
  from space 1536K, 71% used [0x00000000eb100000,0x00000000eb214200,0x00000000eb280000)
  to   space 1536K, 0% used [0x00000000eaf80000,0x00000000eaf80000,0x00000000eb100000)
 ParOldGen       total 97792K, used 97749K [0x00000000c0000000, 0x00000000c5f80000, 0x00000000eab00000)
  object space 97792K, 99% used [0x00000000c0000000,0x00000000c5f75738,0x00000000c5f80000)
 Metaspace       used 48219K, committed 49472K, reserved 1114112K
  class space    used 5094K, committed 5632K, reserved 1048576K
}
Event: 11.710 GC heap before
{Heap before GC invocations=61 (full 2):
 PSYoungGen      total 5632K, used 5191K [0x00000000eab00000, 0x00000000eb280000, 0x0000000100000000)
  eden space 4096K, 99% used [0x00000000eab00000,0x00000000eaefdb90,0x00000000eaf00000)
  from space 1536K, 71% used [0x00000000eb100000,0x00000000eb214200,0x00000000eb280000)
  to   space 1536K, 0% used [0x00000000eaf80000,0x00000000eaf80000,0x00000000eb100000)
 ParOldGen       total 97792K, used 97749K [0x00000000c0000000, 0x00000000c5f80000, 0x00000000eab00000)
  object space 97792K, 99% used [0x00000000c0000000,0x00000000c5f75738,0x00000000c5f80000)
 Metaspace       used 48220K, committed 49472K, reserved 1114112K
  class space    used 5094K, committed 5632K, reserved 1048576K
}
Event: 11.714 GC heap after
{Heap after GC invocations=61 (full 2):
 PSYoungGen      total 5632K, used 1056K [0x00000000eab00000, 0x00000000eb200000, 0x0000000100000000)
  eden space 4096K, 0% used [0x00000000eab00000,0x00000000eab00000,0x00000000eaf00000)
  from space 1536K, 68% used [0x00000000eaf80000,0x00000000eb088000,0x00000000eb100000)
  to   space 1024K, 0% used [0x00000000eb100000,0x00000000eb100000,0x00000000eb200000)
 ParOldGen       total 98816K, used 98683K [0x00000000c0000000, 0x00000000c6080000, 0x00000000eab00000)
  object space 98816K, 99% used [0x00000000c0000000,0x00000000c605ef48,0x00000000c6080000)
 Metaspace       used 48220K, committed 49472K, reserved 1114112K
  class space    used 5094K, committed 5632K, reserved 1048576K
}
Event: 11.768 GC heap before
{Heap before GC invocations=62 (full 2):
 PSYoungGen      total 5632K, used 5152K [0x00000000eab00000, 0x00000000eb200000, 0x0000000100000000)
  eden space 4096K, 100% used [0x00000000eab00000,0x00000000eaf00000,0x00000000eaf00000)
  from space 1536K, 68% used [0x00000000eaf80000,0x00000000eb088000,0x00000000eb100000)
  to   space 1024K, 0% used [0x00000000eb100000,0x00000000eb100000,0x00000000eb200000)
 ParOldGen       total 98816K, used 98683K [0x00000000c0000000, 0x00000000c6080000, 0x00000000eab00000)
  object space 98816K, 99% used [0x00000000c0000000,0x00000000c605ef48,0x00000000c6080000)
 Metaspace       used 48220K, committed 49472K, reserved 1114112K
  class space    used 5094K, committed 5632K, reserved 1048576K
}
Event: 11.771 GC heap after
{Heap after GC invocations=62 (full 2):
 PSYoungGen      total 4608K, used 1015K [0x00000000eab00000, 0x00000000eb400000, 0x0000000100000000)
  eden space 3584K, 0% used [0x00000000eab00000,0x00000000eab00000,0x00000000eae80000)
  from space 1024K, 99% used [0x00000000eb100000,0x00000000eb1fdd48,0x00000000eb200000)
  to   space 2560K, 0% used [0x00000000eae80000,0x00000000eae80000,0x00000000eb100000)
 ParOldGen       total 99840K, used 99627K [0x00000000c0000000, 0x00000000c6180000, 0x00000000eab00000)
  object space 99840K, 99% used [0x00000000c0000000,0x00000000c614adb0,0x00000000c6180000)
 Metaspace       used 48220K, committed 49472K, reserved 1114112K
  class space    used 5094K, committed 5632K, reserved 1048576K
}
Event: 11.807 GC heap before
{Heap before GC invocations=63 (full 2):
 PSYoungGen      total 4608K, used 4592K [0x00000000eab00000, 0x00000000eb400000, 0x0000000100000000)
  eden space 3584K, 99% used [0x00000000eab00000,0x00000000eae7e2b8,0x00000000eae80000)
  from space 1024K, 99% used [0x00000000eb100000,0x00000000eb1fdd48,0x00000000eb200000)
  to   space 2560K, 0% used [0x00000000eae80000,0x00000000eae80000,0x00000000eb100000)
 ParOldGen       total 99840K, used 99627K [0x00000000c0000000, 0x00000000c6180000, 0x00000000eab00000)
  object space 99840K, 99% used [0x00000000c0000000,0x00000000c614adb0,0x00000000c6180000)
 Metaspace       used 48220K, committed 49472K, reserved 1114112K
  class space    used 5094K, committed 5632K, reserved 1048576K
}
Event: 11.809 GC heap after
{Heap after GC invocations=63 (full 2):
 PSYoungGen      total 4608K, used 955K [0x00000000eab00000, 0x00000000eb180000, 0x0000000100000000)
  eden space 3584K, 0% used [0x00000000eab00000,0x00000000eab00000,0x00000000eae80000)
  from space 1024K, 93% used [0x00000000eae80000,0x00000000eaf6ec18,0x00000000eaf80000)
  to   space 1536K, 0% used [0x00000000eb000000,0x00000000eb000000,0x00000000eb180000)
 ParOldGen       total 100864K, used 100557K [0x00000000c0000000, 0x00000000c6280000, 0x00000000eab00000)
  object space 100864K, 99% used [0x00000000c0000000,0x00000000c62334e8,0x00000000c6280000)
 Metaspace       used 48220K, committed 49472K, reserved 1114112K
  class space    used 5094K, committed 5632K, reserved 1048576K
}
Event: 11.846 GC heap before
{Heap before GC invocations=64 (full 2):
 PSYoungGen      total 4608K, used 4539K [0x00000000eab00000, 0x00000000eb180000, 0x0000000100000000)
  eden space 3584K, 100% used [0x00000000eab00000,0x00000000eae80000,0x00000000eae80000)
  from space 1024K, 93% used [0x00000000eae80000,0x00000000eaf6ec18,0x00000000eaf80000)
  to   space 1536K, 0% used [0x00000000eb000000,0x00000000eb000000,0x00000000eb180000)
 ParOldGen       total 100864K, used 100557K [0x00000000c0000000, 0x00000000c6280000, 0x00000000eab00000)
  object space 100864K, 99% used [0x00000000c0000000,0x00000000c62334e8,0x00000000c6280000)
 Metaspace       used 48220K, committed 49472K, reserved 1114112K
  class space    used 5094K, committed 5632K, reserved 1048576K
}
Event: 11.850 GC heap after
{Heap after GC invocations=64 (full 2):
 PSYoungGen      total 5120K, used 999K [0x00000000eab00000, 0x00000000eb180000, 0x0000000100000000)
  eden space 3584K, 0% used [0x00000000eab00000,0x00000000eab00000,0x00000000eae80000)
  from space 1536K, 65% used [0x00000000eb000000,0x00000000eb0f9e60,0x00000000eb180000)
  to   space 1536K, 0% used [0x00000000eae80000,0x00000000eae80000,0x00000000eb000000)
 ParOldGen       total 101888K, used 101377K [0x00000000c0000000, 0x00000000c6380000, 0x00000000eab00000)
  object space 101888K, 99% used [0x00000000c0000000,0x00000000c6300418,0x00000000c6380000)
 Metaspace       used 48220K, committed 49472K, reserved 1114112K
  class space    used 5094K, committed 5632K, reserved 1048576K
}

