# JRE version: OpenJDK Runtime Environment Temurin-21.0.5+11 (21.0.5+11) (build 21.0.5+11-LTS)
# Java VM: OpenJDK 64-Bit Server VM Temurin-21.0.5+11 (21.0.5+11-LTS, mixed mode, sharing, tiered, compressed oops, compressed class ptrs, parallel gc, windows-amd64)
GC Precious Log:
 CardTable entry size: 512
 CPUs: 12 total, 12 available
 Memory: 7528M
 Large Page Support: Disabled
 NUMA Support: Disabled
 Compressed Oops: Enabled (32-bit)
 Alignments: Space 512K, Generation 512K, Heap 2M
 Heap Min Capacity: 100M
 Heap Initial Capacity: 100M
 Heap Max Capacity: 1G
 Pre-touch: Disabled
 Parallel Workers: 10
Heap:
 PSYoungGen      total 6656K, used 6410K [0x00000000eab00000, 0x00000000eb300000, 0x0000000100000000)
  eden space 5120K, 100% used [0x00000000eab00000,0x00000000eb000000,0x00000000eb000000)
  from space 1536K, 84% used [0x00000000eb000000,0x00000000eb142a60,0x00000000eb180000)
  to   space 1536K, 82% used [0x00000000eb180000,0x00000000eb2bcf70,0x00000000eb300000)
 ParOldGen       total 174080K, used 174074K [0x00000000c0000000, 0x00000000caa00000, 0x00000000eab00000)
  object space 174080K, 99% used [0x00000000c0000000,0x00000000ca9feab8,0x00000000caa00000)
 Metaspace       used 52969K, committed 54208K, reserved 1114112K
  class space    used 5670K, committed 6208K, reserved 1048576K
GC Heap History (20 events):
Event: 37.707 GC heap before
{Heap before GC invocations=92 (full 2):
 PSYoungGen      total 6656K, used 6404K [0x00000000eab00000, 0x00000000eb300000, 0x0000000100000000)
  eden space 5120K, 100% used [0x00000000eab00000,0x00000000eb000000,0x00000000eb000000)
  from space 1536K, 83% used [0x00000000eb000000,0x00000000eb141278,0x00000000eb180000)
  to   space 1536K, 0% used [0x00000000eb180000,0x00000000eb180000,0x00000000eb300000)
 ParOldGen       total 161792K, used 161386K [0x00000000c0000000, 0x00000000c9e00000, 0x00000000eab00000)
  object space 161792K, 99% used [0x00000000c0000000,0x00000000c9d9ab08,0x00000000c9e00000)
 Metaspace       used 52965K, committed 54208K, reserved 1114112K
  class space    used 5670K, committed 6208K, reserved 1048576K
}
Event: 37.710 GC heap after
{Heap after GC invocations=92 (full 2):
 PSYoungGen      total 6656K, used 1274K [0x00000000eab00000, 0x00000000eb300000, 0x0000000100000000)
  eden space 5120K, 0% used [0x00000000eab00000,0x00000000eab00000,0x00000000eb000000)
  from space 1536K, 82% used [0x00000000eb180000,0x00000000eb2be9a8,0x00000000eb300000)
  to   space 1536K, 0% used [0x00000000eb000000,0x00000000eb000000,0x00000000eb180000)
 ParOldGen       total 162816K, used 162536K [0x00000000c0000000, 0x00000000c9f00000, 0x00000000eab00000)
  object space 162816K, 99% used [0x00000000c0000000,0x00000000c9eba0e0,0x00000000c9f00000)
 Metaspace       used 52965K, committed 54208K, reserved 1114112K
  class space    used 5670K, committed 6208K, reserved 1048576K
}
Event: 37.743 GC heap before
{Heap before GC invocations=93 (full 2):
 PSYoungGen      total 6656K, used 6394K [0x00000000eab00000, 0x00000000eb300000, 0x0000000100000000)
  eden space 5120K, 100% used [0x00000000eab00000,0x00000000eb000000,0x00000000eb000000)
  from space 1536K, 82% used [0x00000000eb180000,0x00000000eb2be9a8,0x00000000eb300000)
  to   space 1536K, 0% used [0x00000000eb000000,0x00000000eb000000,0x00000000eb180000)
 ParOldGen       total 162816K, used 162536K [0x00000000c0000000, 0x00000000c9f00000, 0x00000000eab00000)
  object space 162816K, 99% used [0x00000000c0000000,0x00000000c9eba0e0,0x00000000c9f00000)
 Metaspace       used 52965K, committed 54208K, reserved 1114112K
  class space    used 5670K, committed 6208K, reserved 1048576K
}
Event: 37.747 GC heap after
{Heap after GC invocations=93 (full 2):
 PSYoungGen      total 6656K, used 1314K [0x00000000eab00000, 0x00000000eb300000, 0x0000000100000000)
  eden space 5120K, 0% used [0x00000000eab00000,0x00000000eab00000,0x00000000eb000000)
  from space 1536K, 85% used [0x00000000eb000000,0x00000000eb148be8,0x00000000eb180000)
  to   space 1536K, 0% used [0x00000000eb180000,0x00000000eb180000,0x00000000eb300000)
 ParOldGen       total 163840K, used 163690K [0x00000000c0000000, 0x00000000ca000000, 0x00000000eab00000)
  object space 163840K, 99% used [0x00000000c0000000,0x00000000c9fdaab8,0x00000000ca000000)
 Metaspace       used 52965K, committed 54208K, reserved 1114112K
  class space    used 5670K, committed 6208K, reserved 1048576K
}
Event: 37.775 GC heap before
{Heap before GC invocations=94 (full 2):
 PSYoungGen      total 6656K, used 6434K [0x00000000eab00000, 0x00000000eb300000, 0x0000000100000000)
  eden space 5120K, 100% used [0x00000000eab00000,0x00000000eb000000,0x00000000eb000000)
  from space 1536K, 85% used [0x00000000eb000000,0x00000000eb148be8,0x00000000eb180000)
  to   space 1536K, 0% used [0x00000000eb180000,0x00000000eb180000,0x00000000eb300000)
 ParOldGen       total 163840K, used 163690K [0x00000000c0000000, 0x00000000ca000000, 0x00000000eab00000)
  object space 163840K, 99% used [0x00000000c0000000,0x00000000c9fdaab8,0x00000000ca000000)
 Metaspace       used 52966K, committed 54208K, reserved 1114112K
  class space    used 5670K, committed 6208K, reserved 1048576K
}
Event: 37.779 GC heap after
{Heap after GC invocations=94 (full 2):
 PSYoungGen      total 6656K, used 1320K [0x00000000eab00000, 0x00000000eb300000, 0x0000000100000000)
  eden space 5120K, 0% used [0x00000000eab00000,0x00000000eab00000,0x00000000eb000000)
  from space 1536K, 85% used [0x00000000eb180000,0x00000000eb2ca308,0x00000000eb300000)
  to   space 1536K, 0% used [0x00000000eb000000,0x00000000eb000000,0x00000000eb180000)
 ParOldGen       total 165376K, used 164867K [0x00000000c0000000, 0x00000000ca180000, 0x00000000eab00000)
  object space 165376K, 99% used [0x00000000c0000000,0x00000000ca100cb8,0x00000000ca180000)
 Metaspace       used 52966K, committed 54208K, reserved 1114112K
  class space    used 5670K, committed 6208K, reserved 1048576K
}
Event: 37.808 GC heap before
{Heap before GC invocations=95 (full 2):
 PSYoungGen      total 6656K, used 6440K [0x00000000eab00000, 0x00000000eb300000, 0x0000000100000000)
  eden space 5120K, 100% used [0x00000000eab00000,0x00000000eb000000,0x00000000eb000000)
  from space 1536K, 85% used [0x00000000eb180000,0x00000000eb2ca308,0x00000000eb300000)
  to   space 1536K, 0% used [0x00000000eb000000,0x00000000eb000000,0x00000000eb180000)
 ParOldGen       total 165376K, used 164867K [0x00000000c0000000, 0x00000000ca180000, 0x00000000eab00000)
  object space 165376K, 99% used [0x00000000c0000000,0x00000000ca100cb8,0x00000000ca180000)
 Metaspace       used 52968K, committed 54208K, reserved 1114112K
  class space    used 5670K, committed 6208K, reserved 1048576K
}
Event: 37.811 GC heap after
{Heap after GC invocations=95 (full 2):
 PSYoungGen      total 6656K, used 1281K [0x00000000eab00000, 0x00000000eb300000, 0x0000000100000000)
  eden space 5120K, 0% used [0x00000000eab00000,0x00000000eab00000,0x00000000eb000000)
  from space 1536K, 83% used [0x00000000eb000000,0x00000000eb1404a8,0x00000000eb180000)
  to   space 1536K, 0% used [0x00000000eb180000,0x00000000eb180000,0x00000000eb300000)
 ParOldGen       total 166400K, used 166007K [0x00000000c0000000, 0x00000000ca280000, 0x00000000eab00000)
  object space 166400K, 99% used [0x00000000c0000000,0x00000000ca21df50,0x00000000ca280000)
 Metaspace       used 52968K, committed 54208K, reserved 1114112K
  class space    used 5670K, committed 6208K, reserved 1048576K
}
Event: 37.839 GC heap before
{Heap before GC invocations=96 (full 2):
 PSYoungGen      total 6656K, used 6401K [0x00000000eab00000, 0x00000000eb300000, 0x0000000100000000)
  eden space 5120K, 100% used [0x00000000eab00000,0x00000000eb000000,0x00000000eb000000)
  from space 1536K, 83% used [0x00000000eb000000,0x00000000eb1404a8,0x00000000eb180000)
  to   space 1536K, 0% used [0x00000000eb180000,0x00000000eb180000,0x00000000eb300000)
 ParOldGen       total 166400K, used 166007K [0x00000000c0000000, 0x00000000ca280000, 0x00000000eab00000)
  object space 166400K, 99% used [0x00000000c0000000,0x00000000ca21df50,0x00000000ca280000)
 Metaspace       used 52968K, committed 54208K, reserved 1114112K
  class space    used 5670K, committed 6208K, reserved 1048576K
}
Event: 37.845 GC heap after
{Heap after GC invocations=96 (full 2):
 PSYoungGen      total 6656K, used 1223K [0x00000000eab00000, 0x00000000eb300000, 0x0000000100000000)
  eden space 5120K, 0% used [0x00000000eab00000,0x00000000eab00000,0x00000000eb000000)
  from space 1536K, 79% used [0x00000000eb180000,0x00000000eb2b1fe0,0x00000000eb300000)
  to   space 1536K, 0% used [0x00000000eb000000,0x00000000eb000000,0x00000000eb180000)
 ParOldGen       total 167424K, used 167179K [0x00000000c0000000, 0x00000000ca380000, 0x00000000eab00000)
  object space 167424K, 99% used [0x00000000c0000000,0x00000000ca342c68,0x00000000ca380000)
 Metaspace       used 52968K, committed 54208K, reserved 1114112K
  class space    used 5670K, committed 6208K, reserved 1048576K
}
Event: 37.892 GC heap before
{Heap before GC invocations=97 (full 2):
 PSYoungGen      total 6656K, used 6341K [0x00000000eab00000, 0x00000000eb300000, 0x0000000100000000)
  eden space 5120K, 99% used [0x00000000eab00000,0x00000000eafff5b8,0x00000000eb000000)
  from space 1536K, 79% used [0x00000000eb180000,0x00000000eb2b1fe0,0x00000000eb300000)
  to   space 1536K, 0% used [0x00000000eb000000,0x00000000eb000000,0x00000000eb180000)
 ParOldGen       total 167424K, used 167179K [0x00000000c0000000, 0x00000000ca380000, 0x00000000eab00000)
  object space 167424K, 99% used [0x00000000c0000000,0x00000000ca342c68,0x00000000ca380000)
 Metaspace       used 52969K, committed 54208K, reserved 1114112K
  class space    used 5670K, committed 6208K, reserved 1048576K
}
Event: 37.895 GC heap after
{Heap after GC invocations=97 (full 2):
 PSYoungGen      total 6656K, used 1311K [0x00000000eab00000, 0x00000000eb300000, 0x0000000100000000)
  eden space 5120K, 0% used [0x00000000eab00000,0x00000000eab00000,0x00000000eb000000)
  from space 1536K, 85% used [0x00000000eb000000,0x00000000eb147cb8,0x00000000eb180000)
  to   space 1536K, 0% used [0x00000000eb180000,0x00000000eb180000,0x00000000eb300000)
 ParOldGen       total 168448K, used 168297K [0x00000000c0000000, 0x00000000ca480000, 0x00000000eab00000)
  object space 168448K, 99% used [0x00000000c0000000,0x00000000ca45a4a0,0x00000000ca480000)
 Metaspace       used 52969K, committed 54208K, reserved 1114112K
  class space    used 5670K, committed 6208K, reserved 1048576K
}
Event: 37.924 GC heap before
{Heap before GC invocations=98 (full 2):
 PSYoungGen      total 6656K, used 6431K [0x00000000eab00000, 0x00000000eb300000, 0x0000000100000000)
  eden space 5120K, 100% used [0x00000000eab00000,0x00000000eb000000,0x00000000eb000000)
  from space 1536K, 85% used [0x00000000eb000000,0x00000000eb147cb8,0x00000000eb180000)
  to   space 1536K, 0% used [0x00000000eb180000,0x00000000eb180000,0x00000000eb300000)
 ParOldGen       total 168448K, used 168297K [0x00000000c0000000, 0x00000000ca480000, 0x00000000eab00000)
  object space 168448K, 99% used [0x00000000c0000000,0x00000000ca45a4a0,0x00000000ca480000)
 Metaspace       used 52969K, committed 54208K, reserved 1114112K
  class space    used 5670K, committed 6208K, reserved 1048576K
}
Event: 37.928 GC heap after
{Heap after GC invocations=98 (full 2):
 PSYoungGen      total 6656K, used 1284K [0x00000000eab00000, 0x00000000eb300000, 0x0000000100000000)
  eden space 5120K, 0% used [0x00000000eab00000,0x00000000eab00000,0x00000000eb000000)
  from space 1536K, 83% used [0x00000000eb180000,0x00000000eb2c1000,0x00000000eb300000)
  to   space 1536K, 0% used [0x00000000eb000000,0x00000000eb000000,0x00000000eb180000)
 ParOldGen       total 169472K, used 169427K [0x00000000c0000000, 0x00000000ca580000, 0x00000000eab00000)
  object space 169472K, 99% used [0x00000000c0000000,0x00000000ca574c28,0x00000000ca580000)
 Metaspace       used 52969K, committed 54208K, reserved 1114112K
  class space    used 5670K, committed 6208K, reserved 1048576K
}
Event: 37.948 GC heap before
{Heap before GC invocations=99 (full 2):
 PSYoungGen      total 6656K, used 6404K [0x00000000eab00000, 0x00000000eb300000, 0x0000000100000000)
  eden space 5120K, 100% used [0x00000000eab00000,0x00000000eb000000,0x00000000eb000000)
  from space 1536K, 83% used [0x00000000eb180000,0x00000000eb2c1000,0x00000000eb300000)
  to   space 1536K, 0% used [0x00000000eb000000,0x00000000eb000000,0x00000000eb180000)
 ParOldGen       total 169472K, used 169427K [0x00000000c0000000, 0x00000000ca580000, 0x00000000eab00000)
  object space 169472K, 99% used [0x00000000c0000000,0x00000000ca574c28,0x00000000ca580000)
 Metaspace       used 52969K, committed 54208K, reserved 1114112K
  class space    used 5670K, committed 6208K, reserved 1048576K
}
Event: 37.951 GC heap after
{Heap after GC invocations=99 (full 2):
 PSYoungGen      total 6656K, used 1328K [0x00000000eab00000, 0x00000000eb300000, 0x0000000100000000)
  eden space 5120K, 0% used [0x00000000eab00000,0x00000000eab00000,0x00000000eb000000)
  from space 1536K, 86% used [0x00000000eb000000,0x00000000eb14c268,0x00000000eb180000)
  to   space 1536K, 0% used [0x00000000eb180000,0x00000000eb180000,0x00000000eb300000)
 ParOldGen       total 171008K, used 170563K [0x00000000c0000000, 0x00000000ca700000, 0x00000000eab00000)
  object space 171008K, 99% used [0x00000000c0000000,0x00000000ca690e60,0x00000000ca700000)
 Metaspace       used 52969K, committed 54208K, reserved 1114112K
  class space    used 5670K, committed 6208K, reserved 1048576K
}
Event: 37.974 GC heap before
{Heap before GC invocations=100 (full 2):
 PSYoungGen      total 6656K, used 6448K [0x00000000eab00000, 0x00000000eb300000, 0x0000000100000000)
  eden space 5120K, 100% used [0x00000000eab00000,0x00000000eb000000,0x00000000eb000000)
  from space 1536K, 86% used [0x00000000eb000000,0x00000000eb14c268,0x00000000eb180000)
  to   space 1536K, 0% used [0x00000000eb180000,0x00000000eb180000,0x00000000eb300000)
 ParOldGen       total 171008K, used 170563K [0x00000000c0000000, 0x00000000ca700000, 0x00000000eab00000)
  object space 171008K, 99% used [0x00000000c0000000,0x00000000ca690e60,0x00000000ca700000)
 Metaspace       used 52969K, committed 54208K, reserved 1114112K
  class space    used 5670K, committed 6208K, reserved 1048576K
}
Event: 37.977 GC heap after
{Heap after GC invocations=100 (full 2):
 PSYoungGen      total 6656K, used 1306K [0x00000000eab00000, 0x00000000eb300000, 0x0000000100000000)
  eden space 5120K, 0% used [0x00000000eab00000,0x00000000eab00000,0x00000000eb000000)
  from space 1536K, 85% used [0x00000000eb180000,0x00000000eb2c6890,0x00000000eb300000)
  to   space 1536K, 0% used [0x00000000eb000000,0x00000000eb000000,0x00000000eb180000)
 ParOldGen       total 172032K, used 171703K [0x00000000c0000000, 0x00000000ca800000, 0x00000000eab00000)
  object space 172032K, 99% used [0x00000000c0000000,0x00000000ca7adf38,0x00000000ca800000)
 Metaspace       used 52969K, committed 54208K, reserved 1114112K
  class space    used 5670K, committed 6208K, reserved 1048576K
}
Event: 38.001 GC heap before
{Heap before GC invocations=101 (full 2):
 PSYoungGen      total 6656K, used 6426K [0x00000000eab00000, 0x00000000eb300000, 0x0000000100000000)
  eden space 5120K, 100% used [0x00000000eab00000,0x00000000eb000000,0x00000000eb000000)
  from space 1536K, 85% used [0x00000000eb180000,0x00000000eb2c6890,0x00000000eb300000)
  to   space 1536K, 0% used [0x00000000eb000000,0x00000000eb000000,0x00000000eb180000)
 ParOldGen       total 172032K, used 171703K [0x00000000c0000000, 0x00000000ca800000, 0x00000000eab00000)
  object space 172032K, 99% used [0x00000000c0000000,0x00000000ca7adf38,0x00000000ca800000)
 Metaspace       used 52969K, committed 54208K, reserved 1114112K
  class space    used 5670K, committed 6208K, reserved 1048576K
}
Event: 38.003 GC heap after
{Heap after GC invocations=101 (full 2):
 PSYoungGen      total 6656K, used 1290K [0x00000000eab00000, 0x00000000eb300000, 0x0000000100000000)
  eden space 5120K, 0% used [0x00000000eab00000,0x00000000eab00000,0x00000000eb000000)
  from space 1536K, 84% used [0x00000000eb000000,0x00000000eb142a60,0x00000000eb180000)
  to   space 1536K, 0% used [0x00000000eb180000,0x00000000eb180000,0x00000000eb300000)
 ParOldGen       total 173056K, used 172880K [0x00000000c0000000, 0x00000000ca900000, 0x00000000eab00000)
  object space 173056K, 99% used [0x00000000c0000000,0x00000000ca8d4268,0x00000000ca900000)
 Metaspace       used 52969K, committed 54208K, reserved 1114112K
  class space    used 5670K, committed 6208K, reserved 1048576K
}

